#-----------------------------------------------------------
# Vivado v2014.2 (64-bit)
# SW Build 932637 on Wed Jun 11 13:33:10 MDT 2014
# IP Build 924643 on Fri May 30 09:20:16 MDT 2014
# Start of session at: Fri Apr 03 20:11:02 2015
# Process ID: 5712
# Log file: G:/Zybo/FreeRTOS_2/zybo_base_system/zybo_base_system/source/vivado/hw/zybo_bsd/zybo_bsd.sdk/webtalk/vivado.log
# Journal file: G:/Zybo/FreeRTOS_2/zybo_base_system/zybo_base_system/source/vivado/hw/zybo_bsd/zybo_bsd.sdk/webtalk\vivado.jou
#-----------------------------------------------------------
source sdk.tcl
# webtalk_init -webtalk_dir G:\\Zybo\\FreeRTOS_2\\zybo_base_system\\zybo_base_system\\source\\vivado\\hw\\zybo_bsd\\zybo_bsd.sdk\\webtalk
# webtalk_register_client -client project
# webtalk_add_data -client project -key date_generated -value "Fri Apr 3 20:11:01 2015" -context "software_version_and_target_device"
# webtalk_add_data -client project -key product_version -value "SDK v2014.2" -context "software_version_and_target_device"
# webtalk_add_data -client project -key build_version -value "2014.2" -context "software_version_and_target_device"
# webtalk_add_data -client project -key os_platform -value "amd64" -context "software_version_and_target_device"
# webtalk_add_data -client project -key registration_id -value "210938301_1777502857_0_335" -context "software_version_and_target_device"
# webtalk_add_data -client project -key tool_flow -value "SDK" -context "software_version_and_target_device"
# webtalk_add_data -client project -key beta -value "false" -context "software_version_and_target_device"
# webtalk_add_data -client project -key route_design -value "NA" -context "software_version_and_target_device"
# webtalk_add_data -client project -key target_family -value "NA" -context "software_version_and_target_device"
# webtalk_add_data -client project -key target_device -value "NA" -context "software_version_and_target_device"
# webtalk_add_data -client project -key target_package -value "NA" -context "software_version_and_target_device"
# webtalk_add_data -client project -key target_speed -value "NA" -context "software_version_and_target_device"
# webtalk_add_data -client project -key random_id -value "aa8u4t4ddedqdr5m5goe4gk8rv" -context "software_version_and_target_device"
# webtalk_add_data -client project -key project_id -value "2014.2_7" -context "software_version_and_target_device"
# webtalk_add_data -client project -key project_iteration -value "7" -context "software_version_and_target_device"
# webtalk_add_data -client project -key os_name -value "Microsoft Windows 7 , 64-bit" -context "user_environment"
# webtalk_add_data -client project -key os_release -value "major release  (build 7600)" -context "user_environment"
# webtalk_add_data -client project -key cpu_name -value "Intel(R) Core(TM) i7-2600K CPU @ 3.40GHz" -context "user_environment"
# webtalk_add_data -client project -key cpu_speed -value "3392 MHz" -context "user_environment"
# webtalk_add_data -client project -key total_processors -value "1" -context "user_environment"
# webtalk_add_data -client project -key system_ram -value "17.000 GB" -context "user_environment"
# webtalk_register_client -client sdk
# webtalk_add_data -client sdk -key uid -value "1428067149821" -context "sdk\\\\hardware/1428067149821"
# webtalk_add_data -client sdk -key isZynq -value "true" -context "sdk\\\\hardware/1428067149821"
# webtalk_add_data -client sdk -key Processors -value "2" -context "sdk\\\\hardware/1428067149821"
# webtalk_add_data -client sdk -key VivadoVersion -value "2014.2" -context "sdk\\\\hardware/1428067149821"
# webtalk_add_data -client sdk -key Arch -value "zynq" -context "sdk\\\\hardware/1428067149821"
# webtalk_add_data -client sdk -key Device -value "7z010" -context "sdk\\\\hardware/1428067149821"
# webtalk_add_data -client sdk -key IsHandoff -value "true" -context "sdk\\\\hardware/1428067149821"
# webtalk_add_data -client sdk -key uid -value "1428067194858" -context "sdk\\\\bsp/1428067194858"
# webtalk_add_data -client sdk -key hwid -value "1428067149821" -context "sdk\\\\bsp/1428067194858"
# webtalk_add_data -client sdk -key os -value "standalone" -context "sdk\\\\bsp/1428067194858"
# webtalk_add_data -client sdk -key apptemplate -value "hello_world" -context "sdk\\\\bsp/1428067194858"
# webtalk_add_data -client sdk -key uid -value "1428067196159" -context "sdk\\\\application/1428067196159"
# webtalk_add_data -client sdk -key hwid -value "1428067149821" -context "sdk\\\\application/1428067196159"
# webtalk_add_data -client sdk -key bspid -value "1428067194858" -context "sdk\\\\application/1428067196159"
# webtalk_add_data -client sdk -key newbsp -value "true" -context "sdk\\\\application/1428067196159"
# webtalk_add_data -client sdk -key os -value "standalone" -context "sdk\\\\application/1428067196159"
# webtalk_add_data -client sdk -key apptemplate -value "hello_world" -context "sdk\\\\application/1428067196159"
# webtalk_transmit -clientid 3969191545 -regid "210938301_1777502857_0_335" -xml G:\\Zybo\\FreeRTOS_2\\zybo_base_system\\zybo_base_system\\source\\vivado\\hw\\zybo_bsd\\zybo_bsd.sdk\\webtalk\\usage_statistics_ext_sdk.xml -html G:\\Zybo\\FreeRTOS_2\\zybo_base_system\\zybo_base_system\\source\\vivado\\hw\\zybo_bsd\\zybo_bsd.sdk\\webtalk\\usage_statistics_ext_sdk.html -wdm G:\\Zybo\\FreeRTOS_2\\zybo_base_system\\zybo_base_system\\source\\vivado\\hw\\zybo_bsd\\zybo_bsd.sdk\\webtalk\\sdk.wdm -intro "<H3>SDK Usage Report</H3><BR>"

    while executing
"webtalk_transmit -clientid 3969191545 -regid "210938301_1777502857_0_335" -xml G:\\Zybo\\FreeRTOS_2\\zybo_base_system\\zybo_base_system\\source\\vivad..."
    (file "sdk.tcl" line 42)
INFO: [Common 17-206] Exiting Vivado at Fri Apr 03 20:11:04 2015...
